This file contains any messages produced by compilers while
running configure, to aid debugging if configure makes a mistake.

It was created by nuovext2-icon-theme configure 0.1, which was
generated by GNU Autoconf 2.69.  Invocation command line was

  $ ./configure 

## --------- ##
## Platform. ##
## --------- ##

hostname = heimdall
uname -m = x86_64
uname -r = 3.12.1-1-ARCH
uname -s = Linux
uname -v = #1 SMP PREEMPT Thu Nov 21 08:18:42 CET 2013

/usr/bin/uname -p = unknown
/bin/uname -X     = unknown

/bin/arch              = unknown
/usr/bin/arch -k       = unknown
/usr/convex/getsysinfo = unknown
/usr/bin/hostinfo      = unknown
/bin/machine           = unknown
/usr/bin/oslevel       = unknown
/bin/universe          = unknown

PATH: /usr/local/sbin
PATH: /usr/local/bin
PATH: /usr/bin
PATH: /usr/bin/core_perl


## ----------- ##
## Core tests. ##
## ----------- ##

configure:1739: checking for a BSD-compatible install
configure:1807: result: /usr/bin/install -c
configure:1818: checking whether build environment is sane
configure:1868: result: yes
configure:2009: checking for a thread-safe mkdir -p
configure:2048: result: /usr/bin/mkdir -p
configure:2061: checking for gawk
configure:2077: found /usr/bin/gawk
configure:2088: result: gawk
configure:2099: checking whether make sets $(MAKE)
configure:2121: result: yes
configure:2204: checking whether ln -s works
configure:2208: result: yes
configure:2369: creating ./config.status

## ---------------------- ##
## Running config.status. ##
## ---------------------- ##

This file was extended by nuovext2-icon-theme config.status 0.1, which was
generated by GNU Autoconf 2.69.  Invocation command line was

  CONFIG_FILES    = 
  CONFIG_HEADERS  = 
  CONFIG_LINKS    = 
  CONFIG_COMMANDS = 
  $ ./config.status 

on heimdall

config.status:739: creating Makefile

## ---------------- ##
## Cache variables. ##
## ---------------- ##

ac_cv_env_build_alias_set=
ac_cv_env_build_alias_value=
ac_cv_env_host_alias_set=
ac_cv_env_host_alias_value=
ac_cv_env_target_alias_set=
ac_cv_env_target_alias_value=
ac_cv_path_install='/usr/bin/install -c'
ac_cv_path_mkdir=/usr/bin/mkdir
ac_cv_prog_AWK=gawk
ac_cv_prog_make_make_set=yes

## ----------------- ##
## Output variables. ##
## ----------------- ##

ACLOCAL='${SHELL} /home/redtide/Sviluppo/Git/nuovext/missing --run aclocal-1.11'
AMTAR='$${TAR-tar}'
AUTOCONF='${SHELL} /home/redtide/Sviluppo/Git/nuovext/missing --run autoconf'
AUTOHEADER='${SHELL} /home/redtide/Sviluppo/Git/nuovext/missing --run autoheader'
AUTOMAKE='${SHELL} /home/redtide/Sviluppo/Git/nuovext/missing --run automake-1.11'
AWK='gawk'
CYGPATH_W='echo'
DEFS='-DPACKAGE_NAME=\"nuovext2-icon-theme\" -DPACKAGE_TARNAME=\"nuovext2-icon-theme\" -DPACKAGE_VERSION=\"0.1\" -DPACKAGE_STRING=\"nuovext2-icon-theme\ 0.1\" -DPACKAGE_BUGREPORT=\"\" -DPACKAGE_URL=\"\" -DPACKAGE=\"nuovext2-icon-theme\" -DVERSION=\"0.1\"'
ECHO_C=''
ECHO_N='-n'
ECHO_T=''
INSTALL_DATA='${INSTALL} -m 644'
INSTALL_PROGRAM='${INSTALL}'
INSTALL_SCRIPT='${INSTALL}'
INSTALL_STRIP_PROGRAM='$(install_sh) -c -s'
LIBOBJS=''
LIBS=''
LN_S='ln -s'
LTLIBOBJS=''
MAKEINFO='${SHELL} /home/redtide/Sviluppo/Git/nuovext/missing --run makeinfo'
MKDIR_P='/usr/bin/mkdir -p'
PACKAGE='nuovext2-icon-theme'
PACKAGE_BUGREPORT=''
PACKAGE_NAME='nuovext2-icon-theme'
PACKAGE_STRING='nuovext2-icon-theme 0.1'
PACKAGE_TARNAME='nuovext2-icon-theme'
PACKAGE_URL=''
PACKAGE_VERSION='0.1'
PATH_SEPARATOR=':'
SET_MAKE=''
SHELL='/bin/sh'
STRIP=''
VERSION='0.1'
am__isrc=''
am__leading_dot='.'
am__tar='$${TAR-tar} chof - "$$tardir"'
am__untar='$${TAR-tar} xf -'
bindir='${exec_prefix}/bin'
build_alias=''
datadir='${datarootdir}'
datarootdir='${prefix}/share'
docdir='${datarootdir}/doc/${PACKAGE_TARNAME}'
dvidir='${docdir}'
exec_prefix='${prefix}'
host_alias=''
htmldir='${docdir}'
includedir='${prefix}/include'
infodir='${datarootdir}/info'
install_sh='${SHELL} /home/redtide/Sviluppo/Git/nuovext/install-sh'
libdir='${exec_prefix}/lib'
libexecdir='${exec_prefix}/libexec'
localedir='${datarootdir}/locale'
localstatedir='${prefix}/var'
mandir='${datarootdir}/man'
mkdir_p='/usr/bin/mkdir -p'
oldincludedir='/usr/include'
pdfdir='${docdir}'
prefix='/usr/local'
program_transform_name='s,x,x,'
psdir='${docdir}'
sbindir='${exec_prefix}/sbin'
sharedstatedir='${prefix}/com'
sysconfdir='${prefix}/etc'
target_alias=''

## ----------- ##
## confdefs.h. ##
## ----------- ##

/* confdefs.h */
#define PACKAGE_NAME "nuovext2-icon-theme"
#define PACKAGE_TARNAME "nuovext2-icon-theme"
#define PACKAGE_VERSION "0.1"
#define PACKAGE_STRING "nuovext2-icon-theme 0.1"
#define PACKAGE_BUGREPORT ""
#define PACKAGE_URL ""
#define PACKAGE "nuovext2-icon-theme"
#define VERSION "0.1"

configure: exit 0
